WARNING: turns 260 and 261 are both player turns — possible parsing error
  COERCE: stable_attributes.species.value was null — removed
  COERCE: stable_attributes.race.value was null — removed
  COERCE: stable_attributes.class.value was null — removed
  WARNING: Entity failed schema validation: None is not of type 'string'
  PC detail extraction: validation failed at turn-001, response keys=['current_status', 'first_seen_turn', 'id', 'identity', 'last_updated_turn', 'name', 'notes', 'stable_attributes', 'status_updated_turn', 'type', 'volatile_state'], falling back to partial merge
  PC detail extraction: raw response preview (500 chars): {"id": "char-player", "name": "Player Character", "type": "character", "identity": "The player character is a traveler or guardian tasked with saving the Midwinter celebration. They are currently recovering from a fall in the snow, suffering from a head injury and disorientation, but are determined to follow a trail of footprints into the trees to complete their mission.", "current_status": "Recovering from a fall in the snow, steadying themselves, and recalling the importance of the Midwinter c
  PC partial merge: merged ['current_status', 'volatile_state', 'stable_attributes'] at turn-001 (attempted: ['current_status', 'volatile_state', 'stable_attributes'], last_updated_turn => turn-001)
  WARNING: Entity failed schema validation: None is not of type 'string'
  PC detail extraction: validation failed at turn-002, response keys=['current_status', 'first_seen_turn', 'id', 'identity', 'last_updated_turn', 'name', 'stable_attributes', 'status_updated_turn', 'type', 'volatile_state'], falling back to partial merge
  PC detail extraction: raw response preview (500 chars): {"id": "char-player", "name": "Player Character", "type": "character", "identity": "The player character (referred to as 'you' in DM narration).", "current_status": "Following a set of fresh footprints leading off the path into the trees, actively recalling a specific name associated with the tracks.", "status_updated_turn": "turn-002", "stable_attributes": {"aliases": {"value": [], "inference": false, "confidence": 0.0, "source_turn": null}}, "volatile_state": {"condition": "Recovering from a f
  PC partial merge: merged ['current_status', 'volatile_state', 'stable_attributes'] at turn-002 (attempted: ['current_status', 'volatile_state', 'stable_attributes'], last_updated_turn => turn-002)
  WARNING: Entity failed schema validation: None is not of type 'string'
  PC detail extraction: validation failed at turn-003, response keys=['current_status', 'first_seen_turn', 'id', 'identity', 'last_updated_turn', 'name', 'stable_attributes', 'status_updated_turn', 'type', 'volatile_state'], falling back to partial merge
  PC detail extraction: raw response preview (500 chars): {"id": "char-player", "name": "Player Character", "type": "character", "identity": "The player character (referred to as 'you' in DM narration).", "current_status": "Following fresh footprints leading away from the road into the deepening forest, struggling to recall the name of a stolen item.", "status_updated_turn": "turn-003", "stable_attributes": {"aliases": {"value": [], "inference": false, "confidence": 0.0, "source_turn": null}}, "volatile_state": {"condition": "Focused but frustrated by 
  PC partial merge: merged ['current_status', 'volatile_state', 'stable_attributes'] at turn-003 (attempted: ['current_status', 'volatile_state', 'stable_attributes'], last_updated_turn => turn-003)
  WARNING: Entity failed schema validation: None is not of type 'string'
  PC detail extraction: validation failed at turn-004, response keys=['current_status', 'first_seen_turn', 'id', 'identity', 'last_updated_turn', 'name', 'stable_attributes', 'status_updated_turn', 'type', 'volatile_state'], falling back to partial merge
  PC detail extraction: raw response preview (500 chars): {"id": "char-player", "name": "Player Character", "type": "character", "identity": "The player character (referred to as 'you' in DM narration).", "current_status": "Moving carefully along tracks in the forest, relying on dark vision to detect ambushes while suffering from 2 HP of damage.", "status_updated_turn": "turn-004", "stable_attributes": {"aliases": {"value": [], "inference": false, "confidence": 0.0, "source_turn": null}}, "volatile_state": {"condition": "Injured (2 HP lost), focused on
  PC partial merge: merged ['current_status', 'volatile_state', 'stable_attributes'] at turn-004 (attempted: ['current_status', 'volatile_state', 'stable_attributes'], last_updated_turn => turn-004)
  WARNING: Entity failed schema validation: None is not of type 'string'
  PC detail extraction: validation failed at turn-005, response keys=['current_status', 'first_seen_turn', 'id', 'identity', 'last_updated_turn', 'name', 'stable_attributes', 'status_updated_turn', 'type', 'volatile_state'], falling back to partial merge
  PC detail extraction: raw response preview (500 chars): {"id": "char-player", "name": "Player Character", "type": "character", "identity": "The player character (referred to as 'you' in DM narration).", "current_status": "Pinned under a net of icy vines after being tripped by a hidden wire, taking a sharp blow to the shoulder and unable to move freely.", "status_updated_turn": "turn-005", "stable_attributes": {"aliases": {"value": [], "inference": false, "confidence": 0.0, "source_turn": null}}, "volatile_state": {"condition": "Pinned and injured (ne
  PC partial merge: merged ['current_status', 'volatile_state', 'stable_attributes'] at turn-005 (attempted: ['current_status', 'volatile_state', 'stable_attributes'], last_updated_turn => turn-005)
  WARNING: Entity failed schema validation: None is not of type 'string'
  PC detail extraction: validation failed at turn-006, response keys=['current_status', 'first_seen_turn', 'id', 'identity', 'last_updated_turn', 'name', 'stable_attributes', 'status_updated_turn', 'type', 'volatile_state'], falling back to partial merge
  PC detail extraction: raw response preview (500 chars): {"id": "char-player", "name": "Player Character", "type": "character", "identity": "The player character (referred to as 'you' in DM narration).", "current_status": "Surrendering to the situation after being pinned by icy vines and struck on the shoulder.", "status_updated_turn": "turn-006", "stable_attributes": {"aliases": {"value": [], "inference": false, "confidence": 0.0, "source_turn": null}}, "volatile_state": {"condition": "Pinned and injured (net ensnared, shoulder struck).", "equipment"
  PC partial merge: merged ['current_status', 'volatile_state', 'stable_attributes'] at turn-006 (attempted: ['current_status', 'volatile_state', 'stable_attributes'], last_updated_turn => turn-006)
  Skipping concept-prefix entity from discovery: concept-guttural-language
  WARNING: Entity failed schema validation: None is not of type 'string'
  PC detail extraction: validation failed at turn-007, response keys=['current_status', 'first_seen_turn', 'id', 'identity', 'last_updated_turn', 'name', 'stable_attributes', 'status_updated_turn', 'type', 'volatile_state'], falling back to partial merge
  PC detail extraction: raw response preview (500 chars): {"id": "char-player", "name": "Player Character", "type": "character", "identity": "The player character (referred to as 'you' in DM narration).", "current_status": "Limp and pinned within a constricting net of icy vines, having surrendered to two stealthy captors who have emerged from the forest shadows.", "status_updated_turn": "turn-007", "stable_attributes": {"aliases": {"value": [], "inference": false, "confidence": 0.0, "source_turn": null}}, "volatile_state": {"condition": "Pinned and inj
  PC partial merge: merged ['current_status', 'volatile_state', 'stable_attributes'] at turn-007 (attempted: ['current_status', 'volatile_state', 'stable_attributes'], last_updated_turn => turn-007)
  WARNING: Entity failed schema validation: None is not of type 'string'
  PC detail extraction: validation failed at turn-008, response keys=['current_status', 'first_seen_turn', 'id', 'identity', 'last_updated_turn', 'name', 'stable_attributes', 'status_updated_turn', 'type', 'volatile_state'], falling back to partial merge
  PC detail extraction: raw response preview (500 chars): {"id": "char-player", "name": "Player Character", "type": "character", "identity": "The player character (referred to as 'you' in DM narration).", "current_status": "Following the captors' instructions while waiting for an opportunity to fight back.", "status_updated_turn": "turn-008", "stable_attributes": {"aliases": {"value": [], "inference": false, "confidence": 0.0, "source_turn": null}}, "volatile_state": {"condition": "Pinned and injured (net ensnared, shoulder struck).", "equipment": [], 
  PC partial merge: merged ['current_status', 'volatile_state', 'stable_attributes'] at turn-008 (attempted: ['current_status', 'volatile_state', 'stable_attributes'], last_updated_turn => turn-008)
  WARNING: Entity failed schema validation: None is not of type 'string'
  PC detail extraction: validation failed at turn-009, response keys=['current_status', 'first_seen_turn', 'id', 'identity', 'last_updated_turn', 'name', 'stable_attributes', 'status_updated_turn', 'type', 'volatile_state'], falling back to partial merge
  PC detail extraction: raw response preview (500 chars): {"id": "char-player", "name": "Player Character", "type": "character", "identity": "The player character (referred to as 'you' in DM narration).", "current_status": "Being bound with coarse rope and a net by two captors, then forced to walk between them deeper into the forest.", "status_updated_turn": "turn-009", "stable_attributes": {"aliases": {"value": [], "inference": false, "confidence": 0.0, "source_turn": null}}, "volatile_state": {"condition": "Bound and restrained (net and coarse rope o
  PC partial merge: merged ['current_status', 'volatile_state', 'stable_attributes'] at turn-009 (attempted: ['current_status', 'volatile_state', 'stable_attributes'], last_updated_turn => turn-009)
  WARNING: Entity failed schema validation: None is not of type 'string'
  PC detail extraction: validation failed at turn-010, response keys=['current_status', 'first_seen_turn', 'id', 'identity', 'last_updated_turn', 'name', 'stable_attributes', 'status_updated_turn', 'type', 'volatile_state'], falling back to partial merge
  PC detail extraction: raw response preview (500 chars): {"id": "char-player", "name": "Player Character", "type": "character", "identity": "The player character (referred to as 'you' in DM narration).", "current_status": "Attempting to communicate with captors to offer information of value.", "status_updated_turn": "turn-010", "stable_attributes": {"aliases": {"value": [], "inference": false, "confidence": 0.0, "source_turn": null}}, "volatile_state": {"condition": "Bound and restrained (net and coarse rope on wrists and ankles).", "equipment": [], "
  PC partial merge: merged ['current_status', 'volatile_state', 'stable_attributes'] at turn-010 (attempted: ['current_status', 'volatile_state', 'stable_attributes'], last_updated_turn => turn-010)
  WARNING: Entity failed schema validation: None is not of type 'string'
  PC detail extraction: validation failed at turn-011, response keys=['current_status', 'first_seen_turn', 'id', 'identity', 'last_updated_turn', 'name', 'stable_attributes', 'status_updated_turn', 'type', 'volatile_state'], falling back to partial merge
  PC detail extraction: raw response preview (500 chars): {"id": "char-player", "name": "Player Character", "type": "character", "identity": "The player character (referred to as 'you' in DM narration).", "current_status": "Attempting to speak and gesture to captors while being marched through the woods, but the captors do not understand the language and ignore the communication attempts.", "status_updated_turn": "turn-011", "stable_attributes": {"aliases": {"value": [], "inference": false, "confidence": 0.0, "source_turn": null}}, "volatile_state": {"
  PC partial merge: merged ['current_status', 'volatile_state', 'stable_attributes'] at turn-011 (attempted: ['current_status', 'volatile_state', 'stable_attributes'], last_updated_turn => turn-011)
  WARNING: Entity failed schema validation: None is not of type 'string'
  PC detail extraction: validation failed at turn-012, response keys=['current_status', 'first_seen_turn', 'id', 'identity', 'last_updated_turn', 'name', 'stable_attributes', 'status_updated_turn', 'type', 'volatile_state'], falling back to partial merge
  PC detail extraction: raw response preview (500 chars): {"id": "char-player", "name": "Player Character", "type": "character", "identity": "The player character (referred to as 'you' in DM narration).", "current_status": "Following captors while waiting for a chance to escape or fight back.", "status_updated_turn": "turn-012", "stable_attributes": {"aliases": {"value": [], "inference": false, "confidence": 0.0, "source_turn": null}}, "volatile_state": {"condition": "Bound and restrained (net and coarse rope on wrists and ankles).", "equipment": [], "
  PC partial merge: merged ['current_status', 'volatile_state', 'stable_attributes'] at turn-012 (attempted: ['current_status', 'volatile_state', 'stable_attributes'], last_updated_turn => turn-012)
  WARNING: Entity failed schema validation: None is not of type 'string'
  PC detail extraction: validation failed at turn-013, response keys=['current_status', 'first_seen_turn', 'id', 'identity', 'last_updated_turn', 'name', 'stable_attributes', 'status_updated_turn', 'type', 'volatile_state'], falling back to partial merge
  PC detail extraction: raw response preview (500 chars): {"id": "char-player", "name": "Player Character", "type": "character", "identity": "The player character (referred to as 'you' in DM narration).", "current_status": "Trudging through a dense, cold forest with captors, approaching a camp with lean-tos and a bonfire.", "status_updated_turn": "turn-013", "stable_attributes": {"aliases": {"value": [], "inference": false, "confidence": 0.0, "source_turn": null}}, "volatile_state": {"condition": "Bound and restrained (net and coarse rope on wrists and
  PC partial merge: merged ['current_status', 'volatile_state', 'stable_attributes'] at turn-013 (attempted: ['current_status', 'volatile_state', 'stable_attributes'], last_updated_turn => turn-013)
  WARNING: Entity failed schema validation: None is not of type 'string'
  PC detail extraction: validation failed at turn-014, response keys=['current_status', 'first_seen_turn', 'id', 'identity', 'last_updated_turn', 'name', 'stable_attributes', 'status_updated_turn', 'type', 'volatile_state'], falling back to partial merge
  PC detail extraction: raw response preview (500 chars): {"id": "char-player", "name": "Player Character", "type": "character", "identity": "The player character (referred to as 'you' in DM narration).", "current_status": "Waiting to identify approaching figures while assessing the strength of captors.", "status_updated_turn": "turn-014", "stable_attributes": {"aliases": {"value": [], "inference": false, "confidence": 0.0, "source_turn": null}}, "volatile_state": {"condition": "Bound and restrained (net and coarse rope on wrists and ankles).", "equipm
  PC partial merge: merged ['current_status', 'volatile_state', 'stable_attributes'] at turn-014 (attempted: ['current_status', 'volatile_state', 'stable_attributes'], last_updated_turn => turn-014)
  WARNING: Entity failed schema validation: None is not of type 'string'
  PC detail extraction: validation failed at turn-015, response keys=['current_status', 'first_seen_turn', 'id', 'identity', 'last_updated_turn', 'name', 'stable_attributes', 'status_updated_turn', 'type', 'volatile_state'], falling back to partial merge
  PC detail extraction: raw response preview (500 chars): {"id": "char-player", "name": "Player Character", "type": "character", "identity": "The player character (referred to as 'you' in DM narration).", "current_status": "Being led into a rough encampment by two captors, approaching an older figure with a commanding presence.", "status_updated_turn": "turn-015", "stable_attributes": {"aliases": {"value": [], "inference": false, "confidence": 0.0, "source_turn": null}}, "volatile_state": {"condition": "Bound and restrained (net and coarse rope on wris
  PC partial merge: merged ['current_status', 'volatile_state', 'stable_attributes'] at turn-015 (attempted: ['current_status', 'volatile_state', 'stable_attributes'], last_updated_turn => turn-015)
  WARNING: Entity failed schema validation: None is not of type 'string'
  PC detail extraction: validation failed at turn-016, response keys=['current_status', 'first_seen_turn', 'id', 'identity', 'last_updated_turn', 'name', 'stable_attributes', 'status_updated_turn', 'type', 'volatile_state'], falling back to partial merge
  PC detail extraction: raw response preview (500 chars): {"id": "char-player", "name": "Player Character", "type": "character", "identity": "The player character (referred to as 'you' in DM narration).", "current_status": "Attempting to communicate with the elder using all known languages while maintaining respect for the eldorman.", "status_updated_turn": "turn-016", "stable_attributes": {"aliases": {"value": [], "inference": false, "confidence": 0.0, "source_turn": null}}, "volatile_state": {"condition": "Bound and restrained (net and coarse rope on
  PC partial merge: merged ['current_status', 'volatile_state', 'stable_attributes'] at turn-016 (attempted: ['current_status', 'volatile_state', 'stable_attributes'], last_updated_turn => turn-016)
  [ctx-opt] Relationship scoring: 377 \u2192 377 tokens (budget=6553)
  WARNING: Entity failed schema validation: None is not of type 'string'
  PC detail extraction: validation failed at turn-017, response keys=['current_status', 'first_seen_turn', 'id', 'identity', 'last_updated_turn', 'name', 'stable_attributes', 'status_updated_turn', 'type', 'volatile_state'], falling back to partial merge
  PC detail extraction: raw response preview (500 chars): {"id": "char-player", "name": "Player Character", "type": "character", "identity": "The player character (referred to as 'you' in DM narration).", "current_status": "Attempting to communicate with the elder using common tongues and elven, but failing to be understood. The elder dismisses the attempt, and the player is roughly shoved forward to kneel before him while villagers watch with cold expressions.", "status_updated_turn": "turn-017", "stable_attributes": {"aliases": {"value": [], "inferen
  PC partial merge: merged ['current_status', 'volatile_state', 'stable_attributes'] at turn-017 (attempted: ['current_status', 'volatile_state', 'stable_attributes'], last_updated_turn => turn-017)
  WARNING: Entity failed schema validation: None is not of type 'string'
  PC detail extraction: validation failed at turn-018, response keys=['current_status', 'first_seen_turn', 'id', 'identity', 'last_updated_turn', 'name', 'stable_attributes', 'status_updated_turn', 'type', 'volatile_state'], falling back to partial merge
  PC detail extraction: raw response preview (500 chars): {"id": "char-player", "name": "Player Character", "type": "character", "identity": "The player character (referred to as 'you' in DM narration).", "current_status": "Kneeling before the elder as ordered, waiting to see what happens next.", "status_updated_turn": "turn-018", "stable_attributes": {"aliases": {"value": [], "inference": false, "confidence": 0.0, "source_turn": null}}, "volatile_state": {"condition": "Bound and restrained (net and coarse rope on wrists and ankles).", "equipment": [],
  PC partial merge: merged ['current_status', 'volatile_state', 'stable_attributes'] at turn-018 (attempted: ['current_status', 'volatile_state', 'stable_attributes'], last_updated_turn => turn-018)
  Skipping concept-prefix entity from discovery: concept-elven-features
  [ctx-opt] Relationship scoring: 562 \u2192 562 tokens (budget=6553)
  WARNING: Entity failed schema validation: None is not of type 'string'
  PC detail extraction: validation failed at turn-019, response keys=['current_status', 'first_seen_turn', 'id', 'identity', 'last_updated_turn', 'name', 'stable_attributes', 'status_updated_turn', 'type', 'volatile_state'], falling back to partial merge
  PC detail extraction: raw response preview (500 chars): {"id": "char-player", "name": "Player Character", "type": "character", "identity": "The player character is a warlock of elven heritage, currently captured and bound by the local tribe.", "current_status": "Kneeling before the elder, who is inspecting the player's warlock attire and elven features before offering a bowl of dark, fibrous material.", "status_updated_turn": "turn-019", "stable_attributes": {"species": {"value": "Elf", "inference": false, "confidence": 1.0, "source_turn": "turn-019"
  PC partial merge: merged ['current_status', 'volatile_state', 'stable_attributes'] at turn-019 (attempted: ['current_status', 'volatile_state', 'stable_attributes'], last_updated_turn => turn-019)
  WARNING: Entity failed schema validation: None is not of type 'string'
  PC detail extraction: validation failed at turn-020, response keys=['current_status', 'first_seen_turn', 'id', 'identity', 'last_updated_turn', 'name', 'notes', 'stable_attributes', 'status_updated_turn', 'type', 'volatile_state'], falling back to partial merge
  PC detail extraction: raw response preview (500 chars): {"id": "char-player", "name": "Player Character", "type": "character", "identity": "The player character (referred to as 'you' in DM narration).", "current_status": "Questioning their restraints and asking the women present to explain their situation and expectations.", "status_updated_turn": "turn-020", "stable_attributes": {"aliases": {"value": [], "inference": false, "confidence": 0.0, "source_turn": null}, "class": {"value": "Warlock", "inference": false, "confidence": 1.0, "source_turn": "t
  PC partial merge: merged ['current_status', 'volatile_state', 'stable_attributes'] at turn-020 (attempted: ['current_status', 'volatile_state', 'stable_attributes'], last_updated_turn => turn-020)
  WARNING: Entity failed schema validation: None is not of type 'string'
  PC detail extraction: validation failed at turn-021, response keys=['current_status', 'first_seen_turn', 'id', 'identity', 'last_updated_turn', 'name', 'stable_attributes', 'status_updated_turn', 'type', 'volatile_state'], falling back to partial merge
  PC detail extraction: raw response preview (500 chars): {"id": "char-player", "name": "Player Character", "type": "character", "identity": "The player character (referred to as 'you' in DM narration).", "current_status": "Attempting to loosen their restraints by looking at the elder and gesturing, while the guard clumsily loosens one wrist slightly.", "status_updated_turn": "turn-021", "stable_attributes": {"aliases": {"value": [], "inference": false, "confidence": 0.0, "source_turn": null}, "class": {"value": "Warlock", "inference": false, "confiden
  PC partial merge: merged ['current_status', 'volatile_state', 'stable_attributes'] at turn-021 (attempted: ['current_status', 'volatile_state', 'stable_attributes'], last_updated_turn => turn-021)
  WARNING: Entity failed schema validation: None is not of type 'string'
  PC detail extraction: validation failed at turn-022, response keys=['current_status', 'first_seen_turn', 'id', 'identity', 'last_updated_turn', 'name', 'stable_attributes', 'status_updated_turn', 'type', 'volatile_state'], falling back to partial merge
  PC detail extraction: raw response preview (500 chars): {"id": "char-player", "name": "Player Character", "type": "character", "identity": "The player character (referred to as 'you' in DM narration).", "current_status": "Holding a mysterious material and questioning whether it is food or body paint.", "status_updated_turn": "turn-022", "stable_attributes": {"aliases": {"value": [], "inference": false, "confidence": 0.0, "source_turn": null}, "class": {"value": "Warlock", "inference": false, "confidence": 1.0, "source_turn": "turn-019"}}, "volatile_s
  PC partial merge: merged ['current_status', 'volatile_state', 'stable_attributes'] at turn-022 (attempted: ['current_status', 'volatile_state', 'stable_attributes'], last_updated_turn => turn-022)
  WARNING: Entity failed schema validation: None is not of type 'string'
  PC detail extraction: validation failed at turn-023, response keys=['current_status', 'first_seen_turn', 'id', 'identity', 'last_updated_turn', 'name', 'stable_attributes', 'status_updated_turn', 'type', 'volatile_state'], falling back to partial merge
  PC detail extraction: raw response preview (500 chars): {"id": "char-player", "name": "Player Character", "type": "character", "identity": "The player character (referred to as 'you' in DM narration).", "current_status": "Attempting to grasp a dark, fibrous material held by the elder with stiff, bound fingers; the material is damp, sticky, and smells earthy.", "status_updated_turn": "turn-023", "stable_attributes": {"aliases": {"value": [], "inference": false, "confidence": 0.0, "source_turn": null}, "class": {"value": "Warlock", "inference": false, 
  PC partial merge: merged ['current_status', 'volatile_state', 'stable_attributes'] at turn-023 (attempted: ['current_status', 'volatile_state', 'stable_attributes'], last_updated_turn => turn-023)
  WARNING: Entity failed schema validation: None is not of type 'string'
  PC detail extraction: validation failed at turn-024, response keys=['current_status', 'first_seen_turn', 'id', 'identity', 'last_updated_turn', 'name', 'stable_attributes', 'status_updated_turn', 'type', 'volatile_state'], falling back to partial merge
  PC detail extraction: raw response preview (500 chars): {"id": "char-player", "name": "Player Character", "type": "character", "identity": "The player character (referred to as 'you' in DM narration).", "current_status": "Holding a dark, fibrous material up to their face to present it to the elder for approval.", "status_updated_turn": "turn-024", "stable_attributes": {"aliases": {"value": [], "inference": false, "confidence": 0.0, "source_turn": null}, "class": {"value": "Warlock", "inference": false, "confidence": 1.0, "source_turn": "turn-019"}}, 
  PC partial merge: merged ['current_status', 'volatile_state', 'stable_attributes'] at turn-024 (attempted: ['current_status', 'volatile_state', 'stable_attributes'], last_updated_turn => turn-024)
  WARNING: Entity failed schema validation: None is not of type 'string'
  PC detail extraction: validation failed at turn-025, response keys=['current_status', 'first_seen_turn', 'id', 'identity', 'last_updated_turn', 'name', 'stable_attributes', 'status_updated_turn', 'type', 'volatile_state'], falling back to partial merge
  PC detail extraction: raw response preview (500 chars): {"id": "char-player", "name": "Player Character", "type": "character", "identity": "The player character (referred to as 'you' in DM narration).", "current_status": "Holding a clump of dark, fibrous material to their nose to smell it, having received approval from the elder. A captor is now loosening the ropes binding their wrists and ankles, though they remain entangled in a net.", "status_updated_turn": "turn-025", "stable_attributes": {"aliases": {"value": [], "inference": false, "confidence"
  PC partial merge: merged ['current_status', 'volatile_state', 'stable_attributes'] at turn-025 (attempted: ['current_status', 'volatile_state', 'stable_attributes'], last_updated_turn => turn-025)
  WARNING: Entity failed schema validation: None is not of type 'string'
  PC detail extraction: validation failed at turn-026, response keys=['current_status', 'first_seen_turn', 'id', 'identity', 'last_updated_turn', 'name', 'stable_attributes', 'status_updated_turn', 'type', 'volatile_state'], falling back to partial merge
  PC detail extraction: raw response preview (500 chars): {"id": "char-player", "name": "Player Character", "type": "character", "identity": "The player character (referred to as 'you' in DM narration).", "current_status": "Considering whether to eat or smear a clump of dark fibrous material on their forehead as a ritual, while checking for injuries to see if it could be used as a poultice.", "status_updated_turn": "turn-026", "stable_attributes": {"aliases": {"value": [], "inference": false, "confidence": 0.0, "source_turn": null}, "class": {"value": 
  PC partial merge: merged ['current_status', 'volatile_state', 'stable_attributes'] at turn-026 (attempted: ['current_status', 'volatile_state', 'stable_attributes'], last_updated_turn => turn-026)
  WARNING: Entity failed schema validation: None is not of type 'string'
  PC detail extraction: validation failed at turn-027, response keys=['current_status', 'first_seen_turn', 'id', 'identity', 'last_updated_turn', 'name', 'stable_attributes', 'status_updated_turn', 'type', 'volatile_state'], falling back to partial merge
  PC detail extraction: raw response preview (500 chars): {"id": "char-player", "name": "Player Character", "type": "character", "identity": "The player character (referred to as 'you' in DM narration).", "current_status": "Bringing a clump of material to their mouth while observing the elder's stoic reaction. The elder taps his forehead and nods slightly, signaling approval. The net around the player is no longer restricting movement.", "status_updated_turn": "turn-027", "stable_attributes": {"aliases": {"value": [], "inference": false, "confidence": 
  PC partial merge: merged ['current_status', 'volatile_state', 'stable_attributes'] at turn-027 (attempted: ['current_status', 'volatile_state', 'stable_attributes'], last_updated_turn => turn-027)
  WARNING: Entity failed schema validation: None is not of type 'string'
  PC detail extraction: validation failed at turn-028, response keys=['current_status', 'first_seen_turn', 'id', 'identity', 'last_updated_turn', 'name', 'stable_attributes', 'status_updated_turn', 'type', 'volatile_state'], falling back to partial merge
  PC detail extraction: raw response preview (500 chars): {"id": "char-player", "name": "Player Character", "type": "character", "identity": "The player character (referred to as 'you' in DM narration).", "current_status": "Applying dark fibrous material to their forehead, mimicking the elder's previous action.", "status_updated_turn": "turn-028", "stable_attributes": {"aliases": {"value": [], "inference": false, "confidence": 0.0, "source_turn": null}, "class": {"value": "Warlock", "inference": false, "confidence": 1.0, "source_turn": "turn-019"}}, "v
  PC partial merge: merged ['current_status', 'volatile_state', 'stable_attributes'] at turn-028 (attempted: ['current_status', 'volatile_state', 'stable_attributes'], last_updated_turn => turn-028)
  FILTER: rejected 'elder' (fragment of compound term 'The elder')
  [ctx-opt] Relationship scoring: 562 \u2192 373 tokens (budget=6553)
  WARNING: Entity failed schema validation: None is not of type 'string'
  PC detail extraction: validation failed at turn-029, response keys=['current_status', 'first_seen_turn', 'id', 'identity', 'last_updated_turn', 'name', 'stable_attributes', 'status_updated_turn', 'type', 'volatile_state'], falling back to partial merge
  PC detail extraction: raw response preview (500 chars): {"id": "char-player", "name": "Player Character", "type": "character", "identity": "The player character (referred to as 'you' in DM narration).", "current_status": "Applying dark fibrous material to their forehead; a former captor is freeing them from icy vines while a younger woman offers a steaming broth.", "status_updated_turn": "turn-029", "stable_attributes": {"aliases": {"value": [], "inference": false, "confidence": 0.0, "source_turn": null}, "class": {"value": "Warlock", "inference": fa
  PC partial merge: merged ['current_status', 'volatile_state', 'stable_attributes'] at turn-029 (attempted: ['current_status', 'volatile_state', 'stable_attributes'], last_updated_turn => turn-029)
  WARNING: Entity failed schema validation: None is not of type 'string'
  PC detail extraction: validation failed at turn-030, response keys=['current_status', 'first_seen_turn', 'id', 'identity', 'last_updated_turn', 'name', 'stable_attributes', 'status_updated_turn', 'type', 'volatile_state'], falling back to partial merge
  PC detail extraction: raw response preview (500 chars): {"id": "char-player", "name": "Player Character", "type": "character", "identity": "The player character (referred to as 'you' in DM narration).", "current_status": "Sitting near the fire to drink broth, having just restored 2 HP.", "status_updated_turn": "turn-030", "stable_attributes": {"aliases": {"value": [], "inference": false, "confidence": 0.0, "source_turn": null}, "class": {"value": "Warlock", "inference": false, "confidence": 1.0, "source_turn": "turn-019"}}, "volatile_state": {"condit
  PC partial merge: merged ['current_status', 'volatile_state', 'stable_attributes'] at turn-030 (attempted: ['current_status', 'volatile_state', 'stable_attributes'], last_updated_turn => turn-030)
WARNING: DM profile analysis failed: 'charmap' codec can't encode character '\u2192' in position 4: character maps to <undefined>
